<?xml version="1.0" encoding="UTF-8"?>
<!-- Generated by org.testng.reporters.JUnitReportReporter -->
<testsuite skipped="0" hostname="HOMEX-PC" name="projectONE.DemoAONE" tests="1" failures="0" timestamp="18 Feb 2019 07:05:43 GMT" time="0.013" errors="0">
  <testcase name="TestA" time="0.013" classname="projectONE.DemoAONE"/>
</testsuite> <!-- projectONE.DemoAONE -->
